108.01.12 17:40 B D:\phpweb\aggarwalmala\adminpanel\icons\backcolor.gif --> ftp.rishikeshgems.com /var/www/html/adminpanel/icons backcolor.gif
108.01.12 17:40 B D:\phpweb\aggarwalmala\adminpanel\icons\backcolor_on.gif --> ftp.rishikeshgems.com /var/www/html/adminpanel/icons backcolor_on.gif
108.01.12 17:40 B D:\phpweb\aggarwalmala\adminpanel\icons\background_silver.jpg --> ftp.rishikeshgems.com /var/www/html/adminpanel/icons background_silver.jpg
108.01.12 17:41 B D:\phpweb\aggarwalmala\adminpanel\icons\bold.gif --> ftp.rishikeshgems.com /var/www/html/adminpanel/icons bold.gif
108.01.12 17:41 B D:\phpweb\aggarwalmala\adminpanel\icons\bold_on.gif --> ftp.rishikeshgems.com /var/www/html/adminpanel/icons bold_on.gif
108.01.12 17:41 B D:\phpweb\aggarwalmala\adminpanel\icons\copy.gif --> ftp.rishikeshgems.com /var/www/html/adminpanel/icons copy.gif
108.01.12 17:41 B D:\phpweb\aggarwalmala\adminpanel\icons\copy_on.gif --> ftp.rishikeshgems.com /var/www/html/adminpanel/icons copy_on.gif
108.01.12 17:41 B D:\phpweb\aggarwalmala\adminpanel\icons\cut.gif --> ftp.rishikeshgems.com /var/www/html/adminpanel/icons cut.gif
108.01.12 17:41 B D:\phpweb\aggarwalmala\adminpanel\icons\cut_on.gif --> ftp.rishikeshgems.com /var/www/html/adminpanel/icons cut_on.gif
108.01.12 17:41 B D:\phpweb\aggarwalmala\adminpanel\icons\forecolor.gif --> ftp.rishikeshgems.com /var/www/html/adminpanel/icons forecolor.gif
108.01.12 17:41 B D:\phpweb\aggarwalmala\adminpanel\icons\forecolor_on.gif --> ftp.rishikeshgems.com /var/www/html/adminpanel/icons forecolor_on.gif
108.01.12 17:41 B D:\phpweb\aggarwalmala\adminpanel\icons\help.gif --> ftp.rishikeshgems.com /var/www/html/adminpanel/icons help.gif
108.01.12 17:42 B D:\phpweb\aggarwalmala\adminpanel\icons\help_on.gif --> ftp.rishikeshgems.com /var/www/html/adminpanel/icons help_on.gif
108.01.12 17:42 B D:\phpweb\aggarwalmala\adminpanel\icons\indent_left.gif --> ftp.rishikeshgems.com /var/www/html/adminpanel/icons indent_left.gif
108.01.12 17:42 B D:\phpweb\aggarwalmala\adminpanel\icons\indent_left_on.gif --> ftp.rishikeshgems.com /var/www/html/adminpanel/icons indent_left_on.gif
108.01.12 17:42 B D:\phpweb\aggarwalmala\adminpanel\icons\indent_right.gif --> ftp.rishikeshgems.com /var/www/html/adminpanel/icons indent_right.gif
108.01.12 17:42 B D:\phpweb\aggarwalmala\adminpanel\icons\indent_right_on.gif --> ftp.rishikeshgems.com /var/www/html/adminpanel/icons indent_right_on.gif
108.01.12 17:42 B D:\phpweb\aggarwalmala\adminpanel\icons\insert_hyperlink.gif --> ftp.rishikeshgems.com /var/www/html/adminpanel/icons insert_hyperlink.gif
108.01.12 17:42 B D:\phpweb\aggarwalmala\adminpanel\icons\insert_hyperlink_on.gif --> ftp.rishikeshgems.com /var/www/html/adminpanel/icons insert_hyperlink_on.gif
108.01.12 17:42 B D:\phpweb\aggarwalmala\adminpanel\icons\insert_picture.gif --> ftp.rishikeshgems.com /var/www/html/adminpanel/icons insert_picture.gif
108.01.12 17:42 B D:\phpweb\aggarwalmala\adminpanel\icons\insert_picture_on.gif --> ftp.rishikeshgems.com /var/www/html/adminpanel/icons insert_picture_on.gif
108.01.12 17:43 B D:\phpweb\aggarwalmala\adminpanel\icons\insert_table.gif --> ftp.rishikeshgems.com /var/www/html/adminpanel/icons insert_table.gif
108.01.12 17:43 B D:\phpweb\aggarwalmala\adminpanel\icons\insert_table_on.gif --> ftp.rishikeshgems.com /var/www/html/adminpanel/icons insert_table_on.gif
108.01.12 17:43 B D:\phpweb\aggarwalmala\adminpanel\icons\italics.gif --> ftp.rishikeshgems.com /var/www/html/adminpanel/icons italics.gif
108.01.12 17:43 B D:\phpweb\aggarwalmala\adminpanel\icons\italics_on.gif --> ftp.rishikeshgems.com /var/www/html/adminpanel/icons italics_on.gif
108.01.12 17:43 B D:\phpweb\aggarwalmala\adminpanel\icons\justify_center.gif --> ftp.rishikeshgems.com /var/www/html/adminpanel/icons justify_center.gif
108.01.12 17:43 B D:\phpweb\aggarwalmala\adminpanel\icons\justify_center_on.gif --> ftp.rishikeshgems.com /var/www/html/adminpanel/icons justify_center_on.gif
108.01.12 17:43 B D:\phpweb\aggarwalmala\adminpanel\icons\justify_left.gif --> ftp.rishikeshgems.com /var/www/html/adminpanel/icons justify_left.gif
108.01.12 17:43 B D:\phpweb\aggarwalmala\adminpanel\icons\justify_left_on.gif --> ftp.rishikeshgems.com /var/www/html/adminpanel/icons justify_left_on.gif
108.01.12 17:43 B D:\phpweb\aggarwalmala\adminpanel\icons\justify_right.gif --> ftp.rishikeshgems.com /var/www/html/adminpanel/icons justify_right.gif
108.01.12 17:44 B D:\phpweb\aggarwalmala\adminpanel\icons\justify_right_on.gif --> ftp.rishikeshgems.com /var/www/html/adminpanel/icons justify_right_on.gif
108.01.12 17:44 B D:\phpweb\aggarwalmala\adminpanel\icons\list_ordered.gif --> ftp.rishikeshgems.com /var/www/html/adminpanel/icons list_ordered.gif
108.01.12 17:44 B D:\phpweb\aggarwalmala\adminpanel\icons\list_ordered_on.gif --> ftp.rishikeshgems.com /var/www/html/adminpanel/icons list_ordered_on.gif
108.01.12 17:44 B D:\phpweb\aggarwalmala\adminpanel\icons\list_unordered.gif --> ftp.rishikeshgems.com /var/www/html/adminpanel/icons list_unordered.gif
108.01.12 17:44 B D:\phpweb\aggarwalmala\adminpanel\icons\list_unordered_on.gif --> ftp.rishikeshgems.com /var/www/html/adminpanel/icons list_unordered_on.gif
108.01.12 17:44 B D:\phpweb\aggarwalmala\adminpanel\icons\logo.gif --> ftp.rishikeshgems.com /var/www/html/adminpanel/icons logo.gif
108.01.12 17:44 B D:\phpweb\aggarwalmala\adminpanel\icons\paste.gif --> ftp.rishikeshgems.com /var/www/html/adminpanel/icons paste.gif
108.01.12 17:44 B D:\phpweb\aggarwalmala\adminpanel\icons\paste_on.gif --> ftp.rishikeshgems.com /var/www/html/adminpanel/icons paste_on.gif
108.01.12 17:44 B D:\phpweb\aggarwalmala\adminpanel\icons\redo.gif --> ftp.rishikeshgems.com /var/www/html/adminpanel/icons redo.gif
108.01.12 17:44 B D:\phpweb\aggarwalmala\adminpanel\icons\redo_on.gif --> ftp.rishikeshgems.com /var/www/html/adminpanel/icons redo_on.gif
108.01.12 17:45 B D:\phpweb\aggarwalmala\adminpanel\icons\select_font.gif --> ftp.rishikeshgems.com /var/www/html/adminpanel/icons select_font.gif
108.01.12 17:45 B D:\phpweb\aggarwalmala\adminpanel\icons\select_font_on.gif --> ftp.rishikeshgems.com /var/www/html/adminpanel/icons select_font_on.gif
108.01.12 17:45 B D:\phpweb\aggarwalmala\adminpanel\icons\select_size.gif --> ftp.rishikeshgems.com /var/www/html/adminpanel/icons select_size.gif
108.01.12 17:45 B D:\phpweb\aggarwalmala\adminpanel\icons\select_size_on.gif --> ftp.rishikeshgems.com /var/www/html/adminpanel/icons select_size_on.gif
108.01.12 17:45 B D:\phpweb\aggarwalmala\adminpanel\icons\seperator.gif --> ftp.rishikeshgems.com /var/www/html/adminpanel/icons seperator.gif
108.01.12 17:45 B D:\phpweb\aggarwalmala\adminpanel\icons\seperator2.gif --> ftp.rishikeshgems.com /var/www/html/adminpanel/icons seperator2.gif
108.01.12 17:45 B D:\phpweb\aggarwalmala\adminpanel\icons\strikethrough.gif --> ftp.rishikeshgems.com /var/www/html/adminpanel/icons strikethrough.gif
108.01.12 17:45 B D:\phpweb\aggarwalmala\adminpanel\icons\strikethrough_on.gif --> ftp.rishikeshgems.com /var/www/html/adminpanel/icons strikethrough_on.gif
108.01.12 17:46 B D:\phpweb\aggarwalmala\adminpanel\icons\subscript.gif --> ftp.rishikeshgems.com /var/www/html/adminpanel/icons subscript.gif
108.01.12 17:46 B D:\phpweb\aggarwalmala\adminpanel\icons\subscript_on.gif --> ftp.rishikeshgems.com /var/www/html/adminpanel/icons subscript_on.gif
108.01.12 17:46 B D:\phpweb\aggarwalmala\adminpanel\icons\superscript.gif --> ftp.rishikeshgems.com /var/www/html/adminpanel/icons superscript.gif
108.01.12 17:46 B D:\phpweb\aggarwalmala\adminpanel\icons\superscript_on.gif --> ftp.rishikeshgems.com /var/www/html/adminpanel/icons superscript_on.gif
108.01.12 17:46 B D:\phpweb\aggarwalmala\adminpanel\icons\thumbs.db --> ftp.rishikeshgems.com /var/www/html/adminpanel/icons thumbs.db
108.01.12 17:46 B D:\phpweb\aggarwalmala\adminpanel\icons\underline.gif --> ftp.rishikeshgems.com /var/www/html/adminpanel/icons underline.gif
108.01.12 17:46 B D:\phpweb\aggarwalmala\adminpanel\icons\underline_on.gif --> ftp.rishikeshgems.com /var/www/html/adminpanel/icons underline_on.gif
108.01.12 17:46 B D:\phpweb\aggarwalmala\adminpanel\icons\undo.gif --> ftp.rishikeshgems.com /var/www/html/adminpanel/icons undo.gif
108.01.12 17:46 B D:\phpweb\aggarwalmala\adminpanel\icons\undo_on.gif --> ftp.rishikeshgems.com /var/www/html/adminpanel/icons undo_on.gif
108.01.12 17:47 B D:\phpweb\aggarwalmala\adminpanel\icons\view_source.gif --> ftp.rishikeshgems.com /var/www/html/adminpanel/icons view_source.gif
108.01.12 17:47 B D:\phpweb\aggarwalmala\adminpanel\icons\view_source_on.gif --> ftp.rishikeshgems.com /var/www/html/adminpanel/icons view_source_on.gif
108.01.12 17:47 B D:\phpweb\aggarwalmala\adminpanel\icons\view_text.gif --> ftp.rishikeshgems.com /var/www/html/adminpanel/icons view_text.gif
108.01.12 17:47 B D:\phpweb\aggarwalmala\adminpanel\icons\view_text_on.gif --> ftp.rishikeshgems.com /var/www/html/adminpanel/icons view_text_on.gif
108.02.06 12:29 B D:\phpweb\instrument_system\adminpanel\icons\backcolor.gif --> ftp.instruments-systems.in /httpdocs/adminpanel/icons backcolor.gif
108.02.06 12:29 B D:\phpweb\instrument_system\adminpanel\icons\backcolor_on.gif --> ftp.instruments-systems.in /httpdocs/adminpanel/icons backcolor_on.gif
108.02.06 12:29 B D:\phpweb\instrument_system\adminpanel\icons\background_silver.jpg --> ftp.instruments-systems.in /httpdocs/adminpanel/icons background_silver.jpg
108.02.06 12:29 B D:\phpweb\instrument_system\adminpanel\icons\bold.gif --> ftp.instruments-systems.in /httpdocs/adminpanel/icons bold.gif
108.02.06 12:29 B D:\phpweb\instrument_system\adminpanel\icons\bold_on.gif --> ftp.instruments-systems.in /httpdocs/adminpanel/icons bold_on.gif
108.02.06 12:29 B D:\phpweb\instrument_system\adminpanel\icons\copy.gif --> ftp.instruments-systems.in /httpdocs/adminpanel/icons copy.gif
108.02.06 12:29 B D:\phpweb\instrument_system\adminpanel\icons\copy_on.gif --> ftp.instruments-systems.in /httpdocs/adminpanel/icons copy_on.gif
108.02.06 12:29 B D:\phpweb\instrument_system\adminpanel\icons\cut.gif --> ftp.instruments-systems.in /httpdocs/adminpanel/icons cut.gif
108.02.06 12:29 B D:\phpweb\instrument_system\adminpanel\icons\cut_on.gif --> ftp.instruments-systems.in /httpdocs/adminpanel/icons cut_on.gif
108.02.06 12:29 B D:\phpweb\instrument_system\adminpanel\icons\forecolor.gif --> ftp.instruments-systems.in /httpdocs/adminpanel/icons forecolor.gif
108.02.06 12:29 B D:\phpweb\instrument_system\adminpanel\icons\forecolor_on.gif --> ftp.instruments-systems.in /httpdocs/adminpanel/icons forecolor_on.gif
108.02.06 12:29 B D:\phpweb\instrument_system\adminpanel\icons\help.gif --> ftp.instruments-systems.in /httpdocs/adminpanel/icons help.gif
108.02.06 12:29 B D:\phpweb\instrument_system\adminpanel\icons\help_on.gif --> ftp.instruments-systems.in /httpdocs/adminpanel/icons help_on.gif
108.02.06 12:29 B D:\phpweb\instrument_system\adminpanel\icons\indent_left.gif --> ftp.instruments-systems.in /httpdocs/adminpanel/icons indent_left.gif
108.02.06 12:29 B D:\phpweb\instrument_system\adminpanel\icons\indent_left_on.gif --> ftp.instruments-systems.in /httpdocs/adminpanel/icons indent_left_on.gif
108.02.06 12:29 B D:\phpweb\instrument_system\adminpanel\icons\indent_right.gif --> ftp.instruments-systems.in /httpdocs/adminpanel/icons indent_right.gif
108.02.06 12:29 B D:\phpweb\instrument_system\adminpanel\icons\indent_right_on.gif --> ftp.instruments-systems.in /httpdocs/adminpanel/icons indent_right_on.gif
108.02.06 12:29 B D:\phpweb\instrument_system\adminpanel\icons\insert_hyperlink.gif --> ftp.instruments-systems.in /httpdocs/adminpanel/icons insert_hyperlink.gif
108.02.06 12:29 B D:\phpweb\instrument_system\adminpanel\icons\insert_hyperlink_on.gif --> ftp.instruments-systems.in /httpdocs/adminpanel/icons insert_hyperlink_on.gif
108.02.06 12:30 B D:\phpweb\instrument_system\adminpanel\icons\insert_picture.gif --> ftp.instruments-systems.in /httpdocs/adminpanel/icons insert_picture.gif
108.02.06 12:30 B D:\phpweb\instrument_system\adminpanel\icons\insert_picture_on.gif --> ftp.instruments-systems.in /httpdocs/adminpanel/icons insert_picture_on.gif
108.02.06 12:30 B D:\phpweb\instrument_system\adminpanel\icons\insert_table.gif --> ftp.instruments-systems.in /httpdocs/adminpanel/icons insert_table.gif
108.02.06 12:30 B D:\phpweb\instrument_system\adminpanel\icons\insert_table_on.gif --> ftp.instruments-systems.in /httpdocs/adminpanel/icons insert_table_on.gif
108.02.06 12:30 B D:\phpweb\instrument_system\adminpanel\icons\italics.gif --> ftp.instruments-systems.in /httpdocs/adminpanel/icons italics.gif
108.02.06 12:30 B D:\phpweb\instrument_system\adminpanel\icons\italics_on.gif --> ftp.instruments-systems.in /httpdocs/adminpanel/icons italics_on.gif
108.02.06 12:30 B D:\phpweb\instrument_system\adminpanel\icons\justify_center.gif --> ftp.instruments-systems.in /httpdocs/adminpanel/icons justify_center.gif
108.02.06 12:30 B D:\phpweb\instrument_system\adminpanel\icons\justify_center_on.gif --> ftp.instruments-systems.in /httpdocs/adminpanel/icons justify_center_on.gif
108.02.06 12:30 B D:\phpweb\instrument_system\adminpanel\icons\justify_left.gif --> ftp.instruments-systems.in /httpdocs/adminpanel/icons justify_left.gif
108.02.06 12:30 B D:\phpweb\instrument_system\adminpanel\icons\justify_left_on.gif --> ftp.instruments-systems.in /httpdocs/adminpanel/icons justify_left_on.gif
108.02.06 12:30 B D:\phpweb\instrument_system\adminpanel\icons\justify_right.gif --> ftp.instruments-systems.in /httpdocs/adminpanel/icons justify_right.gif
108.02.06 12:30 B D:\phpweb\instrument_system\adminpanel\icons\justify_right_on.gif --> ftp.instruments-systems.in /httpdocs/adminpanel/icons justify_right_on.gif
108.02.06 12:30 B D:\phpweb\instrument_system\adminpanel\icons\list_ordered.gif --> ftp.instruments-systems.in /httpdocs/adminpanel/icons list_ordered.gif
108.02.06 12:30 B D:\phpweb\instrument_system\adminpanel\icons\list_ordered_on.gif --> ftp.instruments-systems.in /httpdocs/adminpanel/icons list_ordered_on.gif
108.02.06 12:30 B D:\phpweb\instrument_system\adminpanel\icons\list_unordered.gif --> ftp.instruments-systems.in /httpdocs/adminpanel/icons list_unordered.gif
108.02.06 12:30 B D:\phpweb\instrument_system\adminpanel\icons\list_unordered_on.gif --> ftp.instruments-systems.in /httpdocs/adminpanel/icons list_unordered_on.gif
108.02.06 12:30 B D:\phpweb\instrument_system\adminpanel\icons\logo.gif --> ftp.instruments-systems.in /httpdocs/adminpanel/icons logo.gif
108.02.06 12:31 B D:\phpweb\instrument_system\adminpanel\icons\paste.gif --> ftp.instruments-systems.in /httpdocs/adminpanel/icons paste.gif
108.02.06 12:31 B D:\phpweb\instrument_system\adminpanel\icons\paste_on.gif --> ftp.instruments-systems.in /httpdocs/adminpanel/icons paste_on.gif
108.02.06 12:31 B D:\phpweb\instrument_system\adminpanel\icons\redo.gif --> ftp.instruments-systems.in /httpdocs/adminpanel/icons redo.gif
108.02.06 12:31 B D:\phpweb\instrument_system\adminpanel\icons\redo_on.gif --> ftp.instruments-systems.in /httpdocs/adminpanel/icons redo_on.gif
108.02.06 12:31 B D:\phpweb\instrument_system\adminpanel\icons\select_font.gif --> ftp.instruments-systems.in /httpdocs/adminpanel/icons select_font.gif
108.02.06 12:31 B D:\phpweb\instrument_system\adminpanel\icons\select_font_on.gif --> ftp.instruments-systems.in /httpdocs/adminpanel/icons select_font_on.gif
108.02.06 12:31 B D:\phpweb\instrument_system\adminpanel\icons\select_size.gif --> ftp.instruments-systems.in /httpdocs/adminpanel/icons select_size.gif
108.02.06 12:31 B D:\phpweb\instrument_system\adminpanel\icons\select_size_on.gif --> ftp.instruments-systems.in /httpdocs/adminpanel/icons select_size_on.gif
108.02.06 12:31 B D:\phpweb\instrument_system\adminpanel\icons\seperator.gif --> ftp.instruments-systems.in /httpdocs/adminpanel/icons seperator.gif
108.02.06 12:31 B D:\phpweb\instrument_system\adminpanel\icons\seperator2.gif --> ftp.instruments-systems.in /httpdocs/adminpanel/icons seperator2.gif
108.02.06 12:31 B D:\phpweb\instrument_system\adminpanel\icons\strikethrough.gif --> ftp.instruments-systems.in /httpdocs/adminpanel/icons strikethrough.gif
108.02.06 12:31 B D:\phpweb\instrument_system\adminpanel\icons\strikethrough_on.gif --> ftp.instruments-systems.in /httpdocs/adminpanel/icons strikethrough_on.gif
108.02.06 12:31 B D:\phpweb\instrument_system\adminpanel\icons\subscript.gif --> ftp.instruments-systems.in /httpdocs/adminpanel/icons subscript.gif
108.02.06 12:31 B D:\phpweb\instrument_system\adminpanel\icons\subscript_on.gif --> ftp.instruments-systems.in /httpdocs/adminpanel/icons subscript_on.gif
108.02.06 12:31 B D:\phpweb\instrument_system\adminpanel\icons\superscript.gif --> ftp.instruments-systems.in /httpdocs/adminpanel/icons superscript.gif
108.02.06 12:31 B D:\phpweb\instrument_system\adminpanel\icons\superscript_on.gif --> ftp.instruments-systems.in /httpdocs/adminpanel/icons superscript_on.gif
108.02.06 12:31 B D:\phpweb\instrument_system\adminpanel\icons\thumbs.db --> ftp.instruments-systems.in /httpdocs/adminpanel/icons thumbs.db
108.02.06 12:31 B D:\phpweb\instrument_system\adminpanel\icons\underline.gif --> ftp.instruments-systems.in /httpdocs/adminpanel/icons underline.gif
108.02.06 12:32 B D:\phpweb\instrument_system\adminpanel\icons\underline_on.gif --> ftp.instruments-systems.in /httpdocs/adminpanel/icons underline_on.gif
108.02.06 12:32 B D:\phpweb\instrument_system\adminpanel\icons\undo.gif --> ftp.instruments-systems.in /httpdocs/adminpanel/icons undo.gif
108.02.06 12:32 B D:\phpweb\instrument_system\adminpanel\icons\undo_on.gif --> ftp.instruments-systems.in /httpdocs/adminpanel/icons undo_on.gif
108.02.06 12:32 B D:\phpweb\instrument_system\adminpanel\icons\view_source.gif --> ftp.instruments-systems.in /httpdocs/adminpanel/icons view_source.gif
108.02.06 12:32 B D:\phpweb\instrument_system\adminpanel\icons\view_source_on.gif --> ftp.instruments-systems.in /httpdocs/adminpanel/icons view_source_on.gif
108.02.06 12:32 B D:\phpweb\instrument_system\adminpanel\icons\view_text.gif --> ftp.instruments-systems.in /httpdocs/adminpanel/icons view_text.gif
108.02.06 12:32 B D:\phpweb\instrument_system\adminpanel\icons\view_text_on.gif --> ftp.instruments-systems.in /httpdocs/adminpanel/icons view_text_on.gif
108.02.06 12:32 B D:\phpweb\instrument_system\adminpanel\icons\ws_ftp.log --> ftp.instruments-systems.in /httpdocs/adminpanel/icons ws_ftp.log
